<?xml version="1.0" encoding="UTF-8"?>
<!-- Generated by org.testng.reporters.JUnitXMLReporter -->
<testsuite hostname="Sujoy-PC" ignored="2" name="Login" tests="2" failures="0" timestamp="12 Apr 2019 16:20:30 GMT" time="11.646" errors="0">
  <testcase name="validLoginTest" time="7.076" classname="mercury.testcases.LoginTest"/>
  <testcase name="registerTest" time="3.739" classname="mercury.testcases.RegisterTest"/>
  <testcase name="@AfterSuite tearDown" time="0.0" classname="mercury.testbase.TestBase">
    <ignored/>
  </testcase> <!-- @AfterSuite tearDown -->
  <testcase name="@BeforeSuite startup" time="0.0" classname="mercury.testbase.TestBase">
    <ignored/>
  </testcase> <!-- @BeforeSuite startup -->
</testsuite> <!-- Login -->
