<?xml version="1.0" encoding="UTF-8"?>
<testng-results skipped="0" failed="0" ignored="2" total="4" passed="2">
  <reporter-output>
  </reporter-output>
  <suite name="Suite" duration-ms="13710" started-at="2019-04-12T16:25:39Z" finished-at="2019-04-12T16:25:53Z">
    <groups>
    </groups>
    <test name="Login" duration-ms="13710" started-at="2019-04-12T16:25:39Z" finished-at="2019-04-12T16:25:53Z">
      <class name="mercury.testcases.RegisterTest">
        <test-method status="PASS" signature="registerTest(java.lang.String, java.lang.String, java.lang.String, java.lang.String, java.lang.String, java.lang.String, java.lang.String)[pri:0, instance:mercury.testcases.RegisterTest@4590c9c3]" name="registerTest" duration-ms="5002" started-at="2019-04-12T16:25:48Z" data-provider="registerData" finished-at="2019-04-12T16:25:53Z">
          <params>
            <param index="0">
              <value>
                <![CDATA[Sujoy]]>
              </value>
            </param>
            <param index="1">
              <value>
                <![CDATA[Kumar]]>
              </value>
            </param>
            <param index="2">
              <value>
                <![CDATA[8585951996]]>
              </value>
            </param>
            <param index="3">
              <value>
                <![CDATA[Sujoy@gmail.com]]>
              </value>
            </param>
            <param index="4">
              <value>
                <![CDATA[Sujoy1]]>
              </value>
            </param>
            <param index="5">
              <value>
                <![CDATA[Sujoy#123]]>
              </value>
            </param>
            <param index="6">
              <value>
                <![CDATA[Sujoy#123]]>
              </value>
            </param>
          </params>
          <reporter-output>
          </reporter-output>
        </test-method> <!-- registerTest -->
      </class> <!-- mercury.testcases.RegisterTest -->
      <class name="mercury.testcases.LoginTest">
        <test-method status="PASS" signature="startup()[pri:0, instance:mercury.testcases.LoginTest@b97c004]" name="startup" is-config="true" duration-ms="8537" started-at="2019-04-12T16:25:30Z" finished-at="2019-04-12T16:25:39Z">
          <reporter-output>
          </reporter-output>
        </test-method> <!-- startup -->
        <test-method status="PASS" signature="validLoginTest(java.lang.String, java.lang.String)[pri:0, instance:mercury.testcases.LoginTest@b97c004]" name="validLoginTest" duration-ms="7759" started-at="2019-04-12T16:25:40Z" data-provider="loginData" finished-at="2019-04-12T16:25:48Z">
          <params>
            <param index="0">
              <value>
                <![CDATA[mercury]]>
              </value>
            </param>
            <param index="1">
              <value>
                <![CDATA[mercury]]>
              </value>
            </param>
          </params>
          <reporter-output>
          </reporter-output>
        </test-method> <!-- validLoginTest -->
        <test-method status="PASS" signature="tearDown()[pri:0, instance:mercury.testcases.LoginTest@b97c004]" name="tearDown" is-config="true" duration-ms="628" started-at="2019-04-12T16:25:53Z" finished-at="2019-04-12T16:25:53Z">
          <reporter-output>
          </reporter-output>
        </test-method> <!-- tearDown -->
      </class> <!-- mercury.testcases.LoginTest -->
    </test> <!-- Login -->
  </suite> <!-- Suite -->
</testng-results>
