<?xml version="1.0" encoding="UTF-8"?>
<testng-results skipped="0" failed="0" ignored="2" total="4" passed="2">
  <reporter-output>
  </reporter-output>
  <suite name="Suite" duration-ms="11646" started-at="2019-04-12T16:20:18Z" finished-at="2019-04-12T16:20:30Z">
    <groups>
    </groups>
    <test name="Login" duration-ms="11646" started-at="2019-04-12T16:20:18Z" finished-at="2019-04-12T16:20:30Z">
      <class name="mercury.testcases.RegisterTest">
        <test-method status="PASS" signature="registerTest(java.lang.String, java.lang.String, java.lang.String, java.lang.String, java.lang.String, java.lang.String, java.lang.String)[pri:0, instance:mercury.testcases.RegisterTest@55d56113]" name="registerTest" duration-ms="3739" started-at="2019-04-12T16:20:26Z" data-provider="registerData" finished-at="2019-04-12T16:20:30Z">
          <params>
            <param index="0">
              <value>
                <![CDATA[Sujoy]]>
              </value>
            </param>
            <param index="1">
              <value>
                <![CDATA[Kumar]]>
              </value>
            </param>
            <param index="2">
              <value>
                <![CDATA[8585951996]]>
              </value>
            </param>
            <param index="3">
              <value>
                <![CDATA[Sujoy@gmail.com]]>
              </value>
            </param>
            <param index="4">
              <value>
                <![CDATA[Sujoy1]]>
              </value>
            </param>
            <param index="5">
              <value>
                <![CDATA[Sujoy#123]]>
              </value>
            </param>
            <param index="6">
              <value>
                <![CDATA[Sujoy#123]]>
              </value>
            </param>
          </params>
          <reporter-output>
          </reporter-output>
        </test-method> <!-- registerTest -->
      </class> <!-- mercury.testcases.RegisterTest -->
      <class name="mercury.testcases.LoginTest">
        <test-method status="PASS" signature="startup()[pri:0, instance:mercury.testcases.LoginTest@64bf3bbf]" name="startup" is-config="true" duration-ms="10288" started-at="2019-04-12T16:20:08Z" finished-at="2019-04-12T16:20:18Z">
          <reporter-output>
          </reporter-output>
        </test-method> <!-- startup -->
        <test-method status="PASS" signature="validLoginTest(java.lang.String, java.lang.String)[pri:0, instance:mercury.testcases.LoginTest@64bf3bbf]" name="validLoginTest" duration-ms="7076" started-at="2019-04-12T16:20:19Z" data-provider="loginData" finished-at="2019-04-12T16:20:26Z">
          <params>
            <param index="0">
              <value>
                <![CDATA[mercury]]>
              </value>
            </param>
            <param index="1">
              <value>
                <![CDATA[mercury]]>
              </value>
            </param>
          </params>
          <reporter-output>
          </reporter-output>
        </test-method> <!-- validLoginTest -->
        <test-method status="PASS" signature="tearDown()[pri:0, instance:mercury.testcases.LoginTest@64bf3bbf]" name="tearDown" is-config="true" duration-ms="588" started-at="2019-04-12T16:20:30Z" finished-at="2019-04-12T16:20:30Z">
          <reporter-output>
          </reporter-output>
        </test-method> <!-- tearDown -->
      </class> <!-- mercury.testcases.LoginTest -->
    </test> <!-- Login -->
  </suite> <!-- Suite -->
</testng-results>
